npm error code EPERM
npm error syscall open
npm error path /Users/takeuchitaichi/.asdf/installs/nodejs/24.1.0/lib/node_modules/npm/node_modules/@sigstore/verify/dist/key/index.js
npm error errno -1
npm error Error: EPERM: operation not permitted, open '/Users/takeuchitaichi/.asdf/installs/nodejs/24.1.0/lib/node_modules/npm/node_modules/@sigstore/verify/dist/key/index.js'
npm error     at Object.readFileSync (node:fs:433:20)
npm error     at defaultLoadImpl (node:internal/modules/cjs/loader:1128:17)
npm error     at loadSource (node:internal/modules/cjs/loader:1761:20)
npm error     at Object..js (node:internal/modules/cjs/loader:1893:44)
npm error     at Module.load (node:internal/modules/cjs/loader:1469:32)
npm error     at Module._load (node:internal/modules/cjs/loader:1286:12)
npm error     at TracingChannel.traceSync (node:diagnostics_channel:322:14)
npm error     at wrapModuleLoad (node:internal/modules/cjs/loader:235:24)
npm error     at Module.require (node:internal/modules/cjs/loader:1491:12)
npm error     at require (node:internal/modules/helpers:135:16) {
npm error   errno: -1,
npm error   code: 'EPERM',
npm error   syscall: 'open',
npm error   path: '/Users/takeuchitaichi/.asdf/installs/nodejs/24.1.0/lib/node_modules/npm/node_modules/@sigstore/verify/dist/key/index.js'
npm error }
npm error
npm error The operation was rejected by your operating system.
npm error It is likely you do not have the permissions to access this file as the current user
npm error
npm error If you believe this might be a permissions issue, please double-check the
npm error permissions of the file and its containing directories, or try running
npm error the command again as root/Administrator.
npm error Log files were not written due to an error writing to the directory: /Users/takeuchitaichi/.npm/_logs
npm error You can rerun the command with `--loglevel=verbose` to see the logs in your terminal
